<?xml version="1.0" encoding="UTF-8"?>
<!-- Generated by org.testng.reporters.JUnitXMLReporter -->
<testsuite ignored="0" hostname="DESKTOP-9S893FQ" failures="0" tests="2" name="Error Validations Test" time="23.288" errors="0" timestamp="2024-05-24T10:25:18 EDT">
  <testcase classname="rahulshettyacademy.tests.ErrorValidationsTest" name="loginErrorValidation" time="1.615"/>
  <testcase classname="rahulshettyacademy.tests.ErrorValidationsTest" name="productErrorValidation" time="7.57"/>
</testsuite> <!-- Error Validations Test -->
